app/build/outputs/logs/manifest-merger-debug-report.txt
-- Merging decision tree log ---
manifest
ADDED from src\main\AndroidManifest.xml:2:1-31:12
INJECTED from src\main\AndroidManifest.xml:2:1-31:12
INJECTED from src\main\AndroidManifest.xml:2:1-31:12
INJECTED from src\main\AndroidManifest.xml:2:1-31:12
MERGED from [:module_main] AndroidManifest.xml:2:1-15:12
MERGED from [:module_home] AndroidManifest.xml:2:1-28:12
MERGED from [:module_study] AndroidManifest.xml:2:1-15:12
MERGED from [:module_optional] AndroidManifest.xml:2:1-15:12
MERGED from [:module_mine] AndroidManifest.xml:2:1-15:12
MERGED from [:baselib] AndroidManifest.xml:2:1-15:12
MERGED from [com.android.databinding:adapters:3.4.0] AndroidManifest.xml:17:1-24:12
MERGED from [com.android.databinding:library:3.4.0] AndroidManifest.xml:17:1-24:12
MERGED from [com.android.support:design:28.0.0] AndroidManifest.xml:17:1-24:12
MERGED from [com.android.support:appcompat-v7:28.0.0] AndroidManifest.xml:17:1-22:12
MERGED from [com.android.support.constraint:constraint-layout:1.1.3] AndroidManifest.xml:2:1-11:12
MERGED from [:MPChartLib] AndroidManifest.xml:2:1-20:12
MERGED from [com.alibaba:arouter-api:1.4.1] AndroidManifest.xml:2:1-10:12
MERGED from [com.android.support:support-v4:28.0.0] AndroidManifest.xml:17:1-22:12
MERGED from [com.yanzhenjie.permission:support:2.0.1] AndroidManifest.xml:17:1-40:12
MERGED from [com.android.support:support-fragment:28.0.0] AndroidManifest.xml:17:1-22:12
MERGED from [com.android.support:animated-vector-drawable:28.0.0] AndroidManifest.xml:17:1-22:12
MERGED from [com.android.support:recyclerview-v7:28.0.0] AndroidManifest.xml:17:1-22:12
MERGED from [com.android.support:support-core-ui:28.0.0] AndroidManifest.xml:17:1-22:12
MERGED from [com.android.support:support-core-utils:28.0.0] AndroidManifest.xml:17:1-22:12
MERGED from [com.android.support:support-vector-drawable:28.0.0] AndroidManifest.xml:17:1-22:12
MERGED from [com.android.support:loader:28.0.0] AndroidManifest.xml:17:1-22:12
MERGED from [com.android.support:support-media-compat:28.0.0] AndroidManifest.xml:17:1-22:12
MERGED from [com.android.support:transition:28.0.0] AndroidManifest.xml:17:1-22:12
MERGED from [com.android.support:viewpager:28.0.0] AndroidManifest.xml:17:1-22:12
MERGED from [com.android.support:coordinatorlayout:28.0.0] AndroidManifest.xml:17:1-22:12
MERGED from [com.android.support:drawerlayout:28.0.0] AndroidManifest.xml:17:1-22:12
MERGED from [com.android.support:slidingpanelayout:28.0.0] AndroidManifest.xml:17:1-22:12
MERGED from [com.android.support:customview:28.0.0] AndroidManifest.xml:17:1-22:12
MERGED from [com.android.support:swiperefreshlayout:28.0.0] AndroidManifest.xml:17:1-22:12
MERGED from [com.android.support:asynclayoutinflater:28.0.0] AndroidManifest.xml:17:1-22:12
MERGED from [com.android.support:support-compat:28.0.0] AndroidManifest.xml:17:1-24:12
MERGED from [android.arch.lifecycle:runtime:1.1.1] AndroidManifest.xml:17:1-22:12
MERGED from [com.android.support:versionedparcelable:28.0.0] AndroidManifest.xml:17:1-25:12
MERGED from [com.android.support:cursoradapter:28.0.0] AndroidManifest.xml:17:1-22:12
MERGED from [com.android.support:documentfile:28.0.0] AndroidManifest.xml:17:1-22:12
MERGED from [com.android.support:localbroadcastmanager:28.0.0] AndroidManifest.xml:17:1-22:12
MERGED from [com.android.support:print:28.0.0] AndroidManifest.xml:17:1-22:12
MERGED from [android.arch.lifecycle:viewmodel:1.1.1] AndroidManifest.xml:17:1-22:12
MERGED from [com.android.support:cardview-v7:28.0.0] AndroidManifest.xml:17:1-22:12
MERGED from [android.arch.lifecycle:livedata:1.1.1] AndroidManifest.xml:17:1-22:12
MERGED from [android.arch.lifecycle:livedata-core:1.1.1] AndroidManifest.xml:17:1-22:12
MERGED from [android.arch.core:runtime:1.1.1] AndroidManifest.xml:17:1-22:12
MERGED from [com.android.support:interpolator:28.0.0] AndroidManifest.xml:17:1-22:12
MERGED from [io.reactivex.rxjava2:rxandroid:2.1.1] AndroidManifest.xml:15:1-20:12
MERGED from [com.scwang.smartrefresh:SmartRefreshLayout:1.1.0-alpha-18] AndroidManifest.xml:2:1-17:12
MERGED from [com.scwang.smartrefresh:SmartRefreshHeader:1.1.0-alpha-18] AndroidManifest.xml:2:1-17:12
MERGED from [com.android.support:multidex:1.0.0] AndroidManifest.xml:16:1-19:12
MERGED from [com.tencent.bugly:crashreport:3.0.0] AndroidManifest.xml:2:1-9:12
MERGED from [com.tencent.bugly:nativecrashreport:3.7.1] AndroidManifest.xml:2:1-9:12
MERGED from [com.ifadai:particlesmasher:1.0.1] AndroidManifest.xml:2:1-11:12
MERGED from [cn.sharesdk:ShareSDK:3.6.0] AndroidManifest.xml:2:1-11:12
MERGED from [cn.sharesdk:OneKeyShare:3.6.0] AndroidManifest.xml:2:1-11:12
INJECTED from src\main\AndroidManifest.xml:2:1-31:12
INJECTED from src\main\AndroidManifest.xml:2:1-31:12
INJECTED from src\main\AndroidManifest.xml:2:1-31:12
	package
		ADDED from src\main\AndroidManifest.xml:4:5-29
		INJECTED from src\main\AndroidManifest.xml
		INJECTED from src\main\AndroidManifest.xml
	android:versionName
		INJECTED from src\main\AndroidManifest.xml
		ADDED from src\main\AndroidManifest.xml:2:1-31:12
		INJECTED from src\main\AndroidManifest.xml
	xmlns:tools
		ADDED from src\main\AndroidManifest.xml:3:5-51
	android:versionCode
		INJECTED from src\main\AndroidManifest.xml
		ADDED from src\main\AndroidManifest.xml:2:1-31:12
		INJECTED from src\main\AndroidManifest.xml
	xmlns:android
		ADDED from src\main\AndroidManifest.xml:2:11-69
uses-permission#android.permission.READ_PHONE_STATE
ADDED from src\main\AndroidManifest.xml:5:5-75
	android:name
		ADDED from src\main\AndroidManifest.xml:5:22-72
uses-permission#android.permission.ACCESS_NETWORK_STATE
ADDED from src\main\AndroidManifest.xml:6:5-79
	android:name
		ADDED from src\main\AndroidManifest.xml:6:22-76
uses-permission#android.permission.ACCESS_WIFI_STATE
ADDED from src\main\AndroidManifest.xml:7:5-76
	android:name
		ADDED from src\main\AndroidManifest.xml:7:22-73
uses-permission#android.permission.READ_LOGS
ADDED from src\main\AndroidManifest.xml:8:5-9:47
	tools:ignore
		ADDED from src\main\AndroidManifest.xml:9:9-44
	android:name
		ADDED from src\main\AndroidManifest.xml:8:22-65
uses-permission#android.permission.INTERNET
ADDED from src\main\AndroidManifest.xml:10:5-66
	android:name
		ADDED from src\main\AndroidManifest.xml:10:22-64
uses-permission#android.permission.WRITE_EXTERNAL_STORAGE
ADDED from src\main\AndroidManifest.xml:11:5-80
	android:name
		ADDED from src\main\AndroidManifest.xml:11:22-78
uses-permission#android.permission.READ_EXTERNAL_STORAGE
ADDED from src\main\AndroidManifest.xml:12:5-79
	android:name
		ADDED from src\main\AndroidManifest.xml:12:22-77
application
ADDED from src\main\AndroidManifest.xml:13:5-29:19
MERGED from [:module_main] AndroidManifest.xml:11:5-13:19
MERGED from [:module_main] AndroidManifest.xml:11:5-13:19
MERGED from [:module_home] AndroidManifest.xml:11:5-26:19
MERGED from [:module_home] AndroidManifest.xml:11:5-26:19
MERGED from [:module_study] AndroidManifest.xml:11:5-13:19
MERGED from [:module_study] AndroidManifest.xml:11:5-13:19
MERGED from [:module_optional] AndroidManifest.xml:11:5-13:19
MERGED from [:module_optional] AndroidManifest.xml:11:5-13:19
MERGED from [:module_mine] AndroidManifest.xml:11:5-13:19
MERGED from [:module_mine] AndroidManifest.xml:11:5-13:19
MERGED from [:baselib] AndroidManifest.xml:11:5-13:19
MERGED from [:baselib] AndroidManifest.xml:11:5-13:19
MERGED from [com.android.support:design:28.0.0] AndroidManifest.xml:22:5-20
MERGED from [com.android.support:design:28.0.0] AndroidManifest.xml:22:5-20
MERGED from [com.android.support.constraint:constraint-layout:1.1.3] AndroidManifest.xml:9:5-20
MERGED from [com.android.support.constraint:constraint-layout:1.1.3] AndroidManifest.xml:9:5-20
MERGED from [com.yanzhenjie.permission:support:2.0.1] AndroidManifest.xml:24:5-38:19
MERGED from [com.yanzhenjie.permission:support:2.0.1] AndroidManifest.xml:24:5-38:19
MERGED from [com.android.support:support-compat:28.0.0] AndroidManifest.xml:22:5-94
MERGED from [com.android.support:support-compat:28.0.0] AndroidManifest.xml:22:5-94
MERGED from [com.android.support:versionedparcelable:28.0.0] AndroidManifest.xml:22:5-23:19
MERGED from [com.android.support:versionedparcelable:28.0.0] AndroidManifest.xml:22:5-23:19
MERGED from [com.scwang.smartrefresh:SmartRefreshLayout:1.1.0-alpha-18] AndroidManifest.xml:11:5-15:19
MERGED from [com.scwang.smartrefresh:SmartRefreshLayout:1.1.0-alpha-18] AndroidManifest.xml:11:5-15:19
MERGED from [com.scwang.smartrefresh:SmartRefreshHeader:1.1.0-alpha-18] AndroidManifest.xml:11:5-15:19
MERGED from [com.scwang.smartrefresh:SmartRefreshHeader:1.1.0-alpha-18] AndroidManifest.xml:11:5-15:19
	android:appComponentFactory
		ADDED from [com.android.support:support-compat:28.0.0] AndroidManifest.xml:22:18-91
	android:supportsRtl
		ADDED from src\main\AndroidManifest.xml:20:9-35
	android:label
		ADDED from src\main\AndroidManifest.xml:17:9-41
	android:roundIcon
		ADDED from src\main\AndroidManifest.xml:19:9-54
	android:icon
		ADDED from src\main\AndroidManifest.xml:16:9-43
	android:allowBackup
		ADDED from src\main\AndroidManifest.xml:15:9-35
	android:theme
		ADDED from src\main\AndroidManifest.xml:21:9-48
	android:networkSecurityConfig
		ADDED from src\main\AndroidManifest.xml:14:9-69
	android:name
		ADDED from src\main\AndroidManifest.xml:18:9-55
activity#com.guoshi.module_main.MainActivity
ADDED from src\main\AndroidManifest.xml:23:9-28:20
MERGED from [:module_main] AndroidManifest.xml:12:9-72
MERGED from [:module_main] AndroidManifest.xml:12:9-72
	android:name
		ADDED from src\main\AndroidManifest.xml:23:19-69
intent-filter#action:name:android.intent.action.MAIN+category:name:android.intent.category.LAUNCHER
ADDED from src\main\AndroidManifest.xml:24:13-27:29
action#android.intent.action.MAIN
ADDED from src\main\AndroidManifest.xml:25:17-69
	android:name
		ADDED from src\main\AndroidManifest.xml:25:25-66
category#android.intent.category.LAUNCHER
ADDED from src\main\AndroidManifest.xml:26:17-77
	android:name
		ADDED from src\main\AndroidManifest.xml:26:27-74
uses-sdk
INJECTED from src\main\AndroidManifest.xml reason: use-sdk injection requested
INJECTED from src\main\AndroidManifest.xml
INJECTED from src\main\AndroidManifest.xml
MERGED from [:module_main] AndroidManifest.xml:7:5-9:41
MERGED from [:module_main] AndroidManifest.xml:7:5-9:41
MERGED from [:module_home] AndroidManifest.xml:7:5-9:41
MERGED from [:module_home] AndroidManifest.xml:7:5-9:41
MERGED from [:module_study] AndroidManifest.xml:7:5-9:41
MERGED from [:module_study] AndroidManifest.xml:7:5-9:41
MERGED from [:module_optional] AndroidManifest.xml:7:5-9:41
MERGED from [:module_optional] AndroidManifest.xml:7:5-9:41
MERGED from [:module_mine] AndroidManifest.xml:7:5-9:41
MERGED from [:module_mine] AndroidManifest.xml:7:5-9:41
MERGED from [:baselib] AndroidManifest.xml:7:5-9:41
MERGED from [:baselib] AndroidManifest.xml:7:5-9:41
MERGED from [com.android.databinding:adapters:3.4.0] AndroidManifest.xml:22:5-44
MERGED from [com.android.databinding:adapters:3.4.0] AndroidManifest.xml:22:5-44
MERGED from [com.android.databinding:library:3.4.0] AndroidManifest.xml:22:5-44
MERGED from [com.android.databinding:library:3.4.0] AndroidManifest.xml:22:5-44
MERGED from [com.android.support:design:28.0.0] AndroidManifest.xml:20:5-44
MERGED from [com.android.support:design:28.0.0] AndroidManifest.xml:20:5-44
MERGED from [com.android.support:appcompat-v7:28.0.0] AndroidManifest.xml:20:5-44
MERGED from [com.android.support:appcompat-v7:28.0.0] AndroidManifest.xml:20:5-44
MERGED from [com.android.support.constraint:constraint-layout:1.1.3] AndroidManifest.xml:5:5-7:41
MERGED from [com.android.support.constraint:constraint-layout:1.1.3] AndroidManifest.xml:5:5-7:41
MERGED from [:MPChartLib] AndroidManifest.xml:16:5-18:41
MERGED from [:MPChartLib] AndroidManifest.xml:16:5-18:41
MERGED from [com.alibaba:arouter-api:1.4.1] AndroidManifest.xml:6:5-8:41
MERGED from [com.alibaba:arouter-api:1.4.1] AndroidManifest.xml:6:5-8:41
MERGED from [com.android.support:support-v4:28.0.0] AndroidManifest.xml:20:5-44
MERGED from [com.android.support:support-v4:28.0.0] AndroidManifest.xml:20:5-44
MERGED from [com.yanzhenjie.permission:support:2.0.1] AndroidManifest.xml:20:5-22:41
MERGED from [com.yanzhenjie.permission:support:2.0.1] AndroidManifest.xml:20:5-22:41
MERGED from [com.android.support:support-fragment:28.0.0] AndroidManifest.xml:20:5-44
MERGED from [com.android.support:support-fragment:28.0.0] AndroidManifest.xml:20:5-44
MERGED from [com.android.support:animated-vector-drawable:28.0.0] AndroidManifest.xml:20:5-44
MERGED from [com.android.support:animated-vector-drawable:28.0.0] AndroidManifest.xml:20:5-44
MERGED from [com.android.support:recyclerview-v7:28.0.0] AndroidManifest.xml:20:5-44
MERGED from [com.android.support:recyclerview-v7:28.0.0] AndroidManifest.xml:20:5-44
MERGED from [com.android.support:support-core-ui:28.0.0] AndroidManifest.xml:20:5-44
MERGED from [com.android.support:support-core-ui:28.0.0] AndroidManifest.xml:20:5-44
MERGED from [com.android.support:support-core-utils:28.0.0] AndroidManifest.xml:20:5-44
MERGED from [com.android.support:support-core-utils:28.0.0] AndroidManifest.xml:20:5-44
MERGED from [com.android.support:support-vector-drawable:28.0.0] AndroidManifest.xml:20:5-44
MERGED from [com.android.support:support-vector-drawable:28.0.0] AndroidManifest.xml:20:5-44
MERGED from [com.android.support:loader:28.0.0] AndroidManifest.xml:20:5-44
MERGED from [com.android.support:loader:28.0.0] AndroidManifest.xml:20:5-44
MERGED from [com.android.support:support-media-compat:28.0.0] AndroidManifest.xml:20:5-44
MERGED from [com.android.support:support-media-compat:28.0.0] AndroidManifest.xml:20:5-44
MERGED from [com.android.support:transition:28.0.0] AndroidManifest.xml:20:5-44
MERGED from [com.android.support:transition:28.0.0] AndroidManifest.xml:20:5-44
MERGED from [com.android.support:viewpager:28.0.0] AndroidManifest.xml:20:5-44
MERGED from [com.android.support:viewpager:28.0.0] AndroidManifest.xml:20:5-44
MERGED from [com.android.support:coordinatorlayout:28.0.0] AndroidManifest.xml:20:5-44
MERGED from [com.android.support:coordinatorlayout:28.0.0] AndroidManifest.xml:20:5-44
MERGED from [com.android.support:drawerlayout:28.0.0] AndroidManifest.xml:20:5-44
MERGED from [com.android.support:drawerlayout:28.0.0] AndroidManifest.xml:20:5-44
MERGED from [com.android.support:slidingpanelayout:28.0.0] AndroidManifest.xml:20:5-44
MERGED from [com.android.support:slidingpanelayout:28.0.0] AndroidManifest.xml:20:5-44
MERGED from [com.android.support:customview:28.0.0] AndroidManifest.xml:20:5-44
MERGED from [com.android.support:customview:28.0.0] AndroidManifest.xml:20:5-44
MERGED from [com.android.support:swiperefreshlayout:28.0.0] AndroidManifest.xml:20:5-44
MERGED from [com.android.support:swiperefreshlayout:28.0.0] AndroidManifest.xml:20:5-44
MERGED from [com.android.support:asynclayoutinflater:28.0.0] AndroidManifest.xml:20:5-44
MERGED from [com.android.support:asynclayoutinflater:28.0.0] AndroidManifest.xml:20:5-44
MERGED from [com.android.support:support-compat:28.0.0] AndroidManifest.xml:20:5-44
MERGED from [com.android.support:support-compat:28.0.0] AndroidManifest.xml:20:5-44
MERGED from [android.arch.lifecycle:runtime:1.1.1] AndroidManifest.xml:20:5-44
MERGED from [android.arch.lifecycle:runtime:1.1.1] AndroidManifest.xml:20:5-44
MERGED from [com.android.support:versionedparcelable:28.0.0] AndroidManifest.xml:20:5-44
MERGED from [com.android.support:versionedparcelable:28.0.0] AndroidManifest.xml:20:5-44
MERGED from [com.android.support:cursoradapter:28.0.0] AndroidManifest.xml:20:5-44
MERGED from [com.android.support:cursoradapter:28.0.0] AndroidManifest.xml:20:5-44
MERGED from [com.android.support:documentfile:28.0.0] AndroidManifest.xml:20:5-44
MERGED from [com.android.support:documentfile:28.0.0] AndroidManifest.xml:20:5-44
MERGED from [com.android.support:localbroadcastmanager:28.0.0] AndroidManifest.xml:20:5-44
MERGED from [com.android.support:localbroadcastmanager:28.0.0] AndroidManifest.xml:20:5-44
MERGED from [com.android.support:print:28.0.0] AndroidManifest.xml:20:5-44
MERGED from [com.android.support:print:28.0.0] AndroidManifest.xml:20:5-44
MERGED from [android.arch.lifecycle:viewmodel:1.1.1] AndroidManifest.xml:20:5-44
MERGED from [android.arch.lifecycle:viewmodel:1.1.1] AndroidManifest.xml:20:5-44
MERGED from [com.android.support:cardview-v7:28.0.0] AndroidManifest.xml:20:5-44
MERGED from [com.android.support:cardview-v7:28.0.0] AndroidManifest.xml:20:5-44
MERGED from [android.arch.lifecycle:livedata:1.1.1] AndroidManifest.xml:20:5-44
MERGED from [android.arch.lifecycle:livedata:1.1.1] AndroidManifest.xml:20:5-44
MERGED from [android.arch.lifecycle:livedata-core:1.1.1] AndroidManifest.xml:20:5-44
MERGED from [android.arch.lifecycle:livedata-core:1.1.1] AndroidManifest.xml:20:5-44
MERGED from [android.arch.core:runtime:1.1.1] AndroidManifest.xml:20:5-44
MERGED from [android.arch.core:runtime:1.1.1] AndroidManifest.xml:20:5-44
MERGED from [com.android.support:interpolator:28.0.0] AndroidManifest.xml:20:5-44
MERGED from [com.android.support:interpolator:28.0.0] AndroidManifest.xml:20:5-44
MERGED from [io.reactivex.rxjava2:rxandroid:2.1.1] AndroidManifest.xml:18:5-43
MERGED from [io.reactivex.rxjava2:rxandroid:2.1.1] AndroidManifest.xml:18:5-43
MERGED from [com.scwang.smartrefresh:SmartRefreshLayout:1.1.0-alpha-18] AndroidManifest.xml:7:5-9:41
MERGED from [com.scwang.smartrefresh:SmartRefreshLayout:1.1.0-alpha-18] AndroidManifest.xml:7:5-9:41
MERGED from [com.scwang.smartrefresh:SmartRefreshHeader:1.1.0-alpha-18] AndroidManifest.xml:7:5-9:41
MERGED from [com.scwang.smartrefresh:SmartRefreshHeader:1.1.0-alpha-18] AndroidManifest.xml:7:5-9:41
MERGED from [com.android.support:multidex:1.0.0] AndroidManifest.xml:18:5-42
MERGED from [com.android.support:multidex:1.0.0] AndroidManifest.xml:18:5-42
MERGED from [com.tencent.bugly:crashreport:3.0.0] AndroidManifest.xml:5:5-7:41
MERGED from [com.tencent.bugly:crashreport:3.0.0] AndroidManifest.xml:5:5-7:41
MERGED from [com.tencent.bugly:nativecrashreport:3.7.1] AndroidManifest.xml:5:5-7:41
MERGED from [com.tencent.bugly:nativecrashreport:3.7.1] AndroidManifest.xml:5:5-7:41
MERGED from [com.ifadai:particlesmasher:1.0.1] AndroidManifest.xml:7:5-9:41
MERGED from [com.ifadai:particlesmasher:1.0.1] AndroidManifest.xml:7:5-9:41
MERGED from [cn.sharesdk:ShareSDK:3.6.0] AndroidManifest.xml:7:5-9:41
MERGED from [cn.sharesdk:ShareSDK:3.6.0] AndroidManifest.xml:7:5-9:41
MERGED from [cn.sharesdk:OneKeyShare:3.6.0] AndroidManifest.xml:7:5-9:41
MERGED from [cn.sharesdk:OneKeyShare:3.6.0] AndroidManifest.xml:7:5-9:41
INJECTED from src\main\AndroidManifest.xml
INJECTED from src\main\AndroidManifest.xml
	android:targetSdkVersion
		INJECTED from src\main\AndroidManifest.xml
		ADDED from src\main\AndroidManifest.xml
		INJECTED from src\main\AndroidManifest.xml
	android:minSdkVersion
		INJECTED from src\main\AndroidManifest.xml
		ADDED from src\main\AndroidManifest.xml
		INJECTED from src\main\AndroidManifest.xml
activity#com.guoshi.module_home.public_placement.PublicMainActivity
ADDED from [:module_home] AndroidManifest.xml:12:9-14:52
	android:screenOrientation
		ADDED from [:module_home] AndroidManifest.xml:14:13-49
	android:name
		ADDED from [:module_home] AndroidManifest.xml:13:13-86
activity#com.guoshi.module_home.private_placement.PrivateListActivity
ADDED from [:module_home] AndroidManifest.xml:15:9-17:52
	android:screenOrientation
		ADDED from [:module_home] AndroidManifest.xml:17:13-49
	android:name
		ADDED from [:module_home] AndroidManifest.xml:16:13-88
activity#com.guoshi.module_home.public_placement.PublicListActivity
ADDED from [:module_home] AndroidManifest.xml:18:9-20:52
	android:screenOrientation
		ADDED from [:module_home] AndroidManifest.xml:20:13-49
	android:name
		ADDED from [:module_home] AndroidManifest.xml:19:13-86
activity#com.guoshi.module_home.seek.SeekActivity
ADDED from [:module_home] AndroidManifest.xml:21:9-24:55
	android:screenOrientation
		ADDED from [:module_home] AndroidManifest.xml:23:13-49
	android:windowSoftInputMode
		ADDED from [:module_home] AndroidManifest.xml:24:13-52
	android:name
		ADDED from [:module_home] AndroidManifest.xml:22:13-68
activity#com.guoshi.module_home.HomeTestActivity
ADDED from [:module_home] AndroidManifest.xml:25:9-76
	android:name
		ADDED from [:module_home] AndroidManifest.xml:25:19-73
activity#com.guoshi.module_attention.AttentionTestActivity
ADDED from [:module_study] AndroidManifest.xml:12:9-86
	android:name
		ADDED from [:module_study] AndroidManifest.xml:12:19-83
activity#com.guoshi.module_news.NewsTestActivity
ADDED from [:module_optional] AndroidManifest.xml:12:9-76
	android:name
		ADDED from [:module_optional] AndroidManifest.xml:12:19-73
activity#com.guoshi.module_mine.MineTestActivity
ADDED from [:module_mine] AndroidManifest.xml:12:9-76
	android:name
		ADDED from [:module_mine] AndroidManifest.xml:12:19-73
activity#com.guoshi.baselib.web.WebViewActivity
ADDED from [:baselib] AndroidManifest.xml:12:9-75
	android:name
		ADDED from [:baselib] AndroidManifest.xml:12:19-72
activity#com.yanzhenjie.permission.bridge.BridgeActivity
ADDED from [com.yanzhenjie.permission:support:2.0.1] AndroidManifest.xml:25:9-27:55
	android:theme
		ADDED from [com.yanzhenjie.permission:support:2.0.1] AndroidManifest.xml:27:13-52
	android:name
		ADDED from [com.yanzhenjie.permission:support:2.0.1] AndroidManifest.xml:26:13-75
provider#com.yanzhenjie.permission.FileProvider
ADDED from [com.yanzhenjie.permission:support:2.0.1] AndroidManifest.xml:29:9-37:20
	android:grantUriPermissions
		ADDED from [com.yanzhenjie.permission:support:2.0.1] AndroidManifest.xml:33:13-47
	android:authorities
		ADDED from [com.yanzhenjie.permission:support:2.0.1] AndroidManifest.xml:31:13-67
	android:exported
		ADDED from [com.yanzhenjie.permission:support:2.0.1] AndroidManifest.xml:32:13-37
	android:name
		ADDED from [com.yanzhenjie.permission:support:2.0.1] AndroidManifest.xml:30:13-66
meta-data#android.support.FILE_PROVIDER_PATHS
ADDED from [com.yanzhenjie.permission:support:2.0.1] AndroidManifest.xml:34:13-36:65
	android:resource
		ADDED from [com.yanzhenjie.permission:support:2.0.1] AndroidManifest.xml:36:17-62
	android:name
		ADDED from [com.yanzhenjie.permission:support:2.0.1] AndroidManifest.xml:35:17-67